<?xml version="1.0" encoding="UTF-8"?>
<robot generator="Robot 3.2.1 (Python 3.9.6 on win32)" generated="20210810 10:34:02.521" rpa="false">
<suite id="s1" name="Test" source="C:\Users\admin\eclipse-workspace\test">
<suite id="s1-s1" name="Suite Test" source="C:\Users\admin\eclipse-workspace\test\suite_test.robot">
<test id="s1-s1-t1" name="filefind">
<kw name="Set Variable" library="BuiltIn">
<doc>Returns the given values which can then be assigned to a variables.</doc>
<arguments>
<arg>C:/Test/week1.txt</arg>
</arguments>
<assign>
<var>${PATH}</var>
</assign>
<msg timestamp="20210810 10:34:02.565" level="INFO">${PATH} = C:/Test/week1.txt</msg>
<status status="PASS" starttime="20210810 10:34:02.565" endtime="20210810 10:34:02.566"></status>
</kw>
<kw name="File Should Exist" library="OperatingSystem">
<doc>Fails unless the given ``path`` points to an existing file.</doc>
<arguments>
<arg>${PATH}</arg>
</arguments>
<msg timestamp="20210810 10:34:02.566" level="INFO" html="yes">File '&lt;a href="file://C:\Test\week1.txt"&gt;C:\Test\week1.txt&lt;/a&gt;' exists.</msg>
<status status="PASS" starttime="20210810 10:34:02.566" endtime="20210810 10:34:02.566"></status>
</kw>
<kw name="Set Variable" library="BuiltIn">
<doc>Returns the given values which can then be assigned to a variables.</doc>
<arguments>
<arg>'output'</arg>
</arguments>
<assign>
<var>${text}</var>
</assign>
<msg timestamp="20210810 10:34:02.566" level="INFO">${text} = 'output'</msg>
<status status="PASS" starttime="20210810 10:34:02.566" endtime="20210810 10:34:02.566"></status>
</kw>
<kw name="Get File" library="OperatingSystem">
<doc>Returns the contents of a specified file.</doc>
<arguments>
<arg>${PATH}</arg>
<arg>encoding=UTF-8</arg>
</arguments>
<assign>
<var>${LOG_FILE}</var>
</assign>
<msg timestamp="20210810 10:34:02.566" level="INFO" html="yes">Getting file '&lt;a href="file://C:\Test\week1.txt"&gt;C:\Test\week1.txt&lt;/a&gt;'.</msg>
<msg timestamp="20210810 10:34:02.567" level="INFO">${LOG_FILE} = Week 1：
	1. ceph general knowledge and crush paper
	2. Jekins
	3. robot framework

        output: 1. 简要说明软件定义分布式存储的理解以及ceph是如何做到去中心化的。
                     2. 本地部署一台Jekins 服务器。
                     3...</msg>
<status status="PASS" starttime="20210810 10:34:02.566" endtime="20210810 10:34:02.567"></status>
</kw>
<kw name="Run Keyword If" library="BuiltIn">
<doc>Runs the given keyword with the given arguments, if ``condition`` is true.</doc>
<arguments>
<arg>${text} in ${LOG_FILE}</arg>
<arg>Log</arg>
<arg>信息存在</arg>
</arguments>
<msg timestamp="20210810 10:34:02.567" level="FAIL">Evaluating expression ''output' in Week 1：
	1. ceph general knowledge and crush paper
	2. Jekins
	3. robot framework

        output: 1. 简要说明软件定义分布式存储的理解以及ceph是如何做到去中心化的。
                     2. 本地部署一台Jekins 服务器。
                     3. robotFramework实现一个简单的case，
                        完成：1. 查看某个文件是否存在，不存在返回失败。 
                                  2. 存在则查看某个给定的字符串在文件里是否有，有成功，没有返回失败。
                                  3. case在robotFramework命令行里可以跑成功。
                                  4. 将这个case集成到本地部署的Jekins里。
       其他： python的自学。' failed: SyntaxError: invalid syntax (&lt;string&gt;, line 1)</msg>
<status status="FAIL" starttime="20210810 10:34:02.567" endtime="20210810 10:34:02.567"></status>
</kw>
<status status="FAIL" starttime="20210810 10:34:02.565" endtime="20210810 10:34:02.567" critical="yes">Evaluating expression ''output' in Week 1：
	1. ceph general knowledge and crush paper
	2. Jekins
	3. robot framework

        output: 1. 简要说明软件定义分布式存储的理解以及ceph是如何做到去中心化的。
                     2. 本地部署一台Jekins 服务器。
                     3. robotFramework实现一个简单的case，
                        完成：1. 查看某个文件是否存在，不存在返回失败。 
                                  2. 存在则查看某个给定的字符串在文件里是否有，有成功，没有返回失败。
                                  3. case在robotFramework命令行里可以跑成功。
                                  4. 将这个case集成到本地部署的Jekins里。
       其他： python的自学。' failed: SyntaxError: invalid syntax (&lt;string&gt;, line 1)</status>
</test>
<status status="FAIL" starttime="20210810 10:34:02.558" endtime="20210810 10:34:02.568"></status>
</suite>
<status status="FAIL" starttime="20210810 10:34:02.546" endtime="20210810 10:34:02.568"></status>
</suite>
<statistics>
<total>
<stat pass="0" fail="1">Critical Tests</stat>
<stat pass="0" fail="1">All Tests</stat>
</total>
<tag>
</tag>
<suite>
<stat pass="0" fail="1" id="s1" name="Test">Test</stat>
<stat pass="0" fail="1" id="s1-s1" name="Suite Test">Test.Suite Test</stat>
</suite>
</statistics>
<errors>
</errors>
</robot>
